<?xml version="1.0" encoding="UTF-8"?>
<!-- Generated by org.testng.reporters.JUnitReportReporter -->
<testsuite skipped="0" hostname="LAPTOP-GBQP38G7" name="com.sspart.testng.Testng1" tests="1" failures="0" timestamp="04 Apr 2019 09:31:57 GMT" time="28.313" errors="0">
  <testcase name="testcase01" time="28.313" classname="com.sspart.testng.Testng1"/>
</testsuite> <!-- com.sspart.testng.Testng1 -->
